2025-06-15 23:02:17 - example_script - INFO - Example script started
2025-06-15 23:02:17 - example_script - INFO - This is an info message
2025-06-15 23:02:17 - example_script - WARNING - This is a warning message
2025-06-15 23:02:17 - example_script - ERROR - An error occurred: division by zero
2025-06-15 23:02:17 - log_utils - ERROR - Application Error: {"timestamp": "2025-06-15T23:02:17.169914", "error_type": "ZeroDivisionError", "error_message": "division by zero", "context": {"operation": "division", "value": 0}}
Traceback (most recent call last):
  File "c:\Users\thatt\Documents\Coding Project\Python Projects\PyFlask-API Mock\example_logging.py", line 26, in main
    _ = 100 / 0  # using _ to indicate we don't care about the result
        ~~~~^~~
ZeroDivisionError: division by zero
2025-06-15 23:02:17 - example_script - INFO - Example script completed
2025-06-15 23:04:29 - example_script - INFO - Example script started
2025-06-15 23:04:29 - example_script - INFO - This is an info message
2025-06-15 23:04:29 - example_script - WARNING - This is a warning message
2025-06-15 23:04:29 - example_script - ERROR - An error occurred: division by zero
2025-06-15 23:04:29 - log_utils - ERROR - Application Error: {"timestamp": "2025-06-15T23:04:29.425948", "error_type": "ZeroDivisionError", "error_message": "division by zero", "context": {"operation": "division", "value": 0}}
Traceback (most recent call last):
  File "c:\Users\thatt\Documents\Coding Project\Python Projects\PyFlask-API Mock\example_logging.py", line 26, in main
    _ = 100 / 0  # using _ to indicate we don't care about the result
        ~~~~^~~
ZeroDivisionError: division by zero
2025-06-15 23:04:29 - example_script - INFO - Example script completed
2025-06-15 23:04:55 - example_script - INFO - Example script started
2025-06-15 23:04:55 - example_script - INFO - This is an info message
2025-06-15 23:04:55 - example_script - WARNING - This is a warning message
2025-06-15 23:04:55 - example_script - ERROR - An error occurred: division by zero
2025-06-15 23:04:55 - log_utils - ERROR - Application Error: {"timestamp": "2025-06-15T23:04:55.949151", "error_type": "ZeroDivisionError", "error_message": "division by zero", "context": {"operation": "division", "value": 0}}
Traceback (most recent call last):
  File "c:\Users\thatt\Documents\Coding Project\Python Projects\PyFlask-API Mock\example_logging.py", line 26, in main
    _ = 100 / 0  # using _ to indicate we don't care about the result
        ~~~~^~~
ZeroDivisionError: division by zero
2025-06-15 23:04:55 - example_script - INFO - Example script completed
2025-06-15 23:12:00 - flask_api - INFO - Starting Flask API server on port 5000
2025-06-15 23:12:23 - flask_api - INFO - Starting Flask API server on port 5000
2025-06-15 23:19:57 - example_script - INFO - Example script started
2025-06-15 23:19:57 - example_script - INFO - This is an info message
2025-06-15 23:19:57 - example_script - WARNING - This is a warning message
2025-06-15 23:19:57 - example_script - INFO - Attempting to divide 100 by 0
2025-06-15 23:19:57 - example_script - ERROR - An error occurred: division by zero
2025-06-15 23:19:57 - log_utils - ERROR - Application Error: {"timestamp": "2025-06-15T23:19:57.079971", "error_type": "ZeroDivisionError", "error_message": "division by zero", "context": {"operation": "division", "value": 0}}
Traceback (most recent call last):
  File "C:\Users\thatt\Documents\Coding Project\Python Projects\PyFlask-API Mock\example_logging.py", line 30, in main
    result = 100 / value  # This will cause a ZeroDivisionError
             ~~~~^~~~~~~
ZeroDivisionError: division by zero
2025-06-15 23:19:57 - example_script - INFO - Example script completed
2025-06-15 23:19:57 - example_script - INFO - ---
2025-06-15 23:19:57 - example_script - INFO - Now trying proper error handling function
2025-06-15 23:19:57 - example_script - INFO - Starting proper_error_handling function
2025-06-15 23:19:57 - example_script - INFO - Attempting another division by zero
2025-06-15 23:19:57 - example_script - ERROR - Proper error handling caught: division by zero
2025-06-15 23:19:57 - log_utils - ERROR - Application Error: {"timestamp": "2025-06-15T23:19:57.079971", "error_type": "ZeroDivisionError", "error_message": "division by zero", "context": {"function": "proper_error_handling"}}
Traceback (most recent call last):
  File "C:\Users\thatt\Documents\Coding Project\Python Projects\PyFlask-API Mock\example_logging.py", line 49, in proper_error_handling
    result = 200 / 0
             ~~~~^~~
ZeroDivisionError: division by zero
2025-06-15 23:19:57 - example_script - INFO - Finally block in proper_error_handling
2025-06-15 23:19:57 - example_script - WARNING - proper_error_handling function encountered an error
2025-06-15 23:19:57 - example_script - INFO - Script finished completely
2025-06-15 23:21:22 - flask_api - INFO - Starting Flask API server on port 5000
2025-06-15 23:26:17 - flask_api - INFO - Request ID: 63b25803-f364-4f27-8039-3bc5436806f5 | Method: GET | Path: /
2025-06-15 23:26:17 - flask_api - INFO - Request ID: 63b25803-f364-4f27-8039-3bc5436806f5 | Status: 404 | Duration: 0.0001s
2025-06-15 23:26:17 - flask_api - INFO - Request ID: 53d17b23-caa0-408c-9836-b4229edf3f2d | Method: GET | Path: /favicon.ico
2025-06-15 23:26:17 - flask_api - INFO - Request ID: 53d17b23-caa0-408c-9836-b4229edf3f2d | Status: 404 | Duration: 0.0000s
2025-06-15 23:26:24 - flask_api - INFO - Request ID: 4b402647-d46b-4062-a787-9b399c956d98 | Method: GET | Path: /
2025-06-15 23:26:24 - flask_api - INFO - Request ID: 4b402647-d46b-4062-a787-9b399c956d98 | Status: 404 | Duration: 0.0004s
